This file contains any messages produced by compilers while
running configure, to aid debugging if configure makes a mistake.

It was created by libgpiod configure 2.1.1, which was
generated by GNU Autoconf 2.69.  Invocation command line was

  $ ./configure --enable-bindings-cxx

## --------- ##
## Platform. ##
## --------- ##

hostname = NanoPi-NEO3
uname -m = aarch64
uname -r = 6.1.53
uname -s = Linux
uname -v = #24 SMP PREEMPT Tue Sep 19 17:43:13 CST 2023

/usr/bin/uname -p = aarch64
/bin/uname -X     = unknown

/bin/arch              = aarch64
/usr/bin/arch -k       = unknown
/usr/convex/getsysinfo = unknown
/usr/bin/hostinfo      = unknown
/bin/machine           = unknown
/usr/bin/oslevel       = unknown
/bin/universe          = unknown

PATH: /run/user/0/fnm_multishells/1602_1714421221244/bin
PATH: /root/.local/share/fnm
PATH: /root/.vscode-server/cli/servers/Stable-e170252f762678dec6ca2cc69aba1570769a5d39/server/bin/remote-cli
PATH: /run/user/0/fnm_multishells/642_1714420952317/bin
PATH: /root/.local/share/fnm
PATH: /usr/local/sbin
PATH: /usr/local/bin
PATH: /usr/sbin
PATH: /usr/bin
PATH: /sbin
PATH: /bin
PATH: /usr/games
PATH: /usr/local/games
PATH: /snap/bin


## ----------- ##
## Core tests. ##
## ----------- ##

configure:2683: checking for a BSD-compatible install
configure:2751: result: /usr/bin/install -c
configure:2762: checking whether build environment is sane
configure:2817: result: yes
configure:2966: checking for a thread-safe mkdir -p
configure:3005: result: /usr/bin/mkdir -p
configure:3012: checking for gawk
configure:3028: found /usr/bin/gawk
configure:3039: result: gawk
configure:3050: checking whether make sets $(MAKE)
configure:3072: result: yes
configure:3101: checking whether make supports nested variables
configure:3118: result: yes
configure:3256: checking whether make supports nested variables
configure:3273: result: yes
configure:3302: checking whether make supports the include directive
configure:3317: make -f confmf.GNU && cat confinc.out
this is the am__doit target
configure:3320: $? = 0
configure:3339: result: yes (GNU style)
configure:3409: checking for gcc
configure:3425: found /usr/bin/gcc
configure:3436: result: gcc
configure:3665: checking for C compiler version
configure:3674: gcc --version >&5
gcc (Ubuntu 9.4.0-1ubuntu1~20.04.3) 9.4.0
Copyright (C) 2019 Free Software Foundation, Inc.
This is free software; see the source for copying conditions.  There is NO
warranty; not even for MERCHANTABILITY or FITNESS FOR A PARTICULAR PURPOSE.

configure:3685: $? = 0
configure:3674: gcc -v >&5
Using built-in specs.
COLLECT_GCC=gcc
COLLECT_LTO_WRAPPER=/usr/lib/gcc/aarch64-linux-gnu/9/lto-wrapper
Target: aarch64-linux-gnu
Configured with: ../src/configure -v --with-pkgversion='Ubuntu 9.4.0-1ubuntu1~20.04.3' --with-bugurl=file:///usr/share/doc/gcc-9/README.Bugs --enable-languages=c,ada,c++,go,d,fortran,objc,obj-c++,gm2 --prefix=/usr --with-gcc-major-version-only --program-suffix=-9 --program-prefix=aarch64-linux-gnu- --enable-shared --enable-linker-build-id --libexecdir=/usr/lib --without-included-gettext --enable-threads=posix --libdir=/usr/lib --enable-nls --enable-clocale=gnu --enable-libstdcxx-debug --enable-libstdcxx-time=yes --with-default-libstdcxx-abi=new --enable-gnu-unique-object --disable-libquadmath --disable-libquadmath-support --enable-plugin --enable-default-pie --with-system-zlib --with-target-system-zlib=auto --enable-objc-gc=auto --enable-multiarch --enable-fix-cortex-a53-843419 --disable-werror --enable-checking=release --build=aarch64-linux-gnu --host=aarch64-linux-gnu --target=aarch64-linux-gnu
Thread model: posix
gcc version 9.4.0 (Ubuntu 9.4.0-1ubuntu1~20.04.3) 
configure:3685: $? = 0
configure:3674: gcc -V >&5
gcc: error: unrecognized command line option '-V'
gcc: fatal error: no input files
compilation terminated.
configure:3685: $? = 1
configure:3674: gcc -qversion >&5
gcc: error: unrecognized command line option '-qversion'; did you mean '--version'?
gcc: fatal error: no input files
compilation terminated.
configure:3685: $? = 1
configure:3705: checking whether the C compiler works
configure:3727: gcc    conftest.c  >&5
configure:3731: $? = 0
configure:3779: result: yes
configure:3782: checking for C compiler default output file name
configure:3784: result: a.out
configure:3790: checking for suffix of executables
configure:3797: gcc -o conftest    conftest.c  >&5
configure:3801: $? = 0
configure:3823: result: 
configure:3845: checking whether we are cross compiling
configure:3853: gcc -o conftest    conftest.c  >&5
configure:3857: $? = 0
configure:3864: ./conftest
configure:3868: $? = 0
configure:3856: result: no
configure:3861: checking for suffix of object files
configure:3883: gcc -c   conftest.c >&5
configure:3887: $? = 0
configure:3908: result: o
configure:3912: checking whether we are using the GNU C compiler
configure:3931: gcc -c   conftest.c >&5
configure:3931: $? = 0
configure:3940: result: yes
configure:3949: checking whether gcc accepts -g
configure:3969: gcc -c -g  conftest.c >&5
configure:3969: $? = 0
configure:4010: result: yes
configure:4027: checking for gcc option to accept ISO C89
configure:4090: gcc  -c -g -O2  conftest.c >&5
configure:4090: $? = 0
configure:4103: result: none needed
configure:4128: checking whether gcc understands -c and -o together
configure:4150: gcc -c conftest.c -o conftest2.o
configure:4153: $? = 0
configure:4150: gcc -c conftest.c -o conftest2.o
configure:4153: $? = 0
configure:4165: result: yes
configure:4184: checking dependency style of gcc
configure:4295: result: gcc3
configure:4360: checking for ar
configure:4376: found /usr/bin/ar
configure:4387: result: ar
configure:4413: checking the archiver (ar) interface
configure:4429: gcc -c -g -O2  conftest.c >&5
configure:4429: $? = 0
configure:4431: ar cru libconftest.a conftest.o >&5
ar: `u' modifier ignored since `D' is the default (see `U')
configure:4434: $? = 0
configure:4433: result: ar
configure:4501: checking for gcc
configure:4528: result: gcc
configure:4757: checking for C compiler version
configure:4766: gcc --version >&5
gcc (Ubuntu 9.4.0-1ubuntu1~20.04.3) 9.4.0
Copyright (C) 2019 Free Software Foundation, Inc.
This is free software; see the source for copying conditions.  There is NO
warranty; not even for MERCHANTABILITY or FITNESS FOR A PARTICULAR PURPOSE.

configure:4777: $? = 0
configure:4766: gcc -v >&5
Using built-in specs.
COLLECT_GCC=gcc
COLLECT_LTO_WRAPPER=/usr/lib/gcc/aarch64-linux-gnu/9/lto-wrapper
Target: aarch64-linux-gnu
Configured with: ../src/configure -v --with-pkgversion='Ubuntu 9.4.0-1ubuntu1~20.04.3' --with-bugurl=file:///usr/share/doc/gcc-9/README.Bugs --enable-languages=c,ada,c++,go,d,fortran,objc,obj-c++,gm2 --prefix=/usr --with-gcc-major-version-only --program-suffix=-9 --program-prefix=aarch64-linux-gnu- --enable-shared --enable-linker-build-id --libexecdir=/usr/lib --without-included-gettext --enable-threads=posix --libdir=/usr/lib --enable-nls --enable-clocale=gnu --enable-libstdcxx-debug --enable-libstdcxx-time=yes --with-default-libstdcxx-abi=new --enable-gnu-unique-object --disable-libquadmath --disable-libquadmath-support --enable-plugin --enable-default-pie --with-system-zlib --with-target-system-zlib=auto --enable-objc-gc=auto --enable-multiarch --enable-fix-cortex-a53-843419 --disable-werror --enable-checking=release --build=aarch64-linux-gnu --host=aarch64-linux-gnu --target=aarch64-linux-gnu
Thread model: posix
gcc version 9.4.0 (Ubuntu 9.4.0-1ubuntu1~20.04.3) 
configure:4777: $? = 0
configure:4766: gcc -V >&5
gcc: error: unrecognized command line option '-V'
gcc: fatal error: no input files
compilation terminated.
configure:4777: $? = 1
configure:4766: gcc -qversion >&5
gcc: error: unrecognized command line option '-qversion'; did you mean '--version'?
gcc: fatal error: no input files
compilation terminated.
configure:4777: $? = 1
configure:4781: checking whether we are using the GNU C compiler
configure:4809: result: yes
configure:4818: checking whether gcc accepts -g
configure:4879: result: yes
configure:4896: checking for gcc option to accept ISO C89
configure:4972: result: none needed
configure:4997: checking whether gcc understands -c and -o together
configure:5034: result: yes
configure:5053: checking dependency style of gcc
configure:5164: result: gcc3
configure:5237: checking for g++
configure:5253: found /usr/bin/g++
configure:5264: result: g++
configure:5291: checking for C++ compiler version
configure:5300: g++ --version >&5
g++ (Ubuntu 9.4.0-1ubuntu1~20.04.3) 9.4.0
Copyright (C) 2019 Free Software Foundation, Inc.
This is free software; see the source for copying conditions.  There is NO
warranty; not even for MERCHANTABILITY or FITNESS FOR A PARTICULAR PURPOSE.

configure:5311: $? = 0
configure:5300: g++ -v >&5
Using built-in specs.
COLLECT_GCC=g++
COLLECT_LTO_WRAPPER=/usr/lib/gcc/aarch64-linux-gnu/9/lto-wrapper
Target: aarch64-linux-gnu
Configured with: ../src/configure -v --with-pkgversion='Ubuntu 9.4.0-1ubuntu1~20.04.3' --with-bugurl=file:///usr/share/doc/gcc-9/README.Bugs --enable-languages=c,ada,c++,go,d,fortran,objc,obj-c++,gm2 --prefix=/usr --with-gcc-major-version-only --program-suffix=-9 --program-prefix=aarch64-linux-gnu- --enable-shared --enable-linker-build-id --libexecdir=/usr/lib --without-included-gettext --enable-threads=posix --libdir=/usr/lib --enable-nls --enable-clocale=gnu --enable-libstdcxx-debug --enable-libstdcxx-time=yes --with-default-libstdcxx-abi=new --enable-gnu-unique-object --disable-libquadmath --disable-libquadmath-support --enable-plugin --enable-default-pie --with-system-zlib --with-target-system-zlib=auto --enable-objc-gc=auto --enable-multiarch --enable-fix-cortex-a53-843419 --disable-werror --enable-checking=release --build=aarch64-linux-gnu --host=aarch64-linux-gnu --target=aarch64-linux-gnu
Thread model: posix
gcc version 9.4.0 (Ubuntu 9.4.0-1ubuntu1~20.04.3) 
configure:5311: $? = 0
configure:5300: g++ -V >&5
g++: error: unrecognized command line option '-V'
g++: fatal error: no input files
compilation terminated.
configure:5311: $? = 1
configure:5300: g++ -qversion >&5
g++: error: unrecognized command line option '-qversion'; did you mean '--version'?
g++: fatal error: no input files
compilation terminated.
configure:5311: $? = 1
configure:5315: checking whether we are using the GNU C++ compiler
configure:5334: g++ -c   conftest.cpp >&5
conftest.cpp:11: warning: "_GNU_SOURCE" redefined
   11 | #define _GNU_SOURCE /**/
      | 
<command-line>: note: this is the location of the previous definition
configure:5334: $? = 0
configure:5343: result: yes
configure:5352: checking whether g++ accepts -g
configure:5372: g++ -c -g  conftest.cpp >&5
conftest.cpp:11: warning: "_GNU_SOURCE" redefined
   11 | #define _GNU_SOURCE /**/
      | 
<command-line>: note: this is the location of the previous definition
configure:5372: $? = 0
configure: failed program was:
| /* confdefs.h */
| #define PACKAGE_NAME "libgpiod"
| #define PACKAGE_TARNAME "libgpiod"
| #define PACKAGE_VERSION "2.1.1"
| #define PACKAGE_STRING "libgpiod 2.1.1"
| #define PACKAGE_BUGREPORT ""
| #define PACKAGE_URL ""
| #define GPIOD_VERSION_STR "2.1.1"
| #define PACKAGE "libgpiod"
| #define VERSION "2.1.1"
| #define _GNU_SOURCE /**/
| /* end confdefs.h.  */
| 
| int
| main ()
| {
| 
|   ;
|   return 0;
| }
configure:5387: g++ -c   conftest.cpp >&5
conftest.cpp:11: warning: "_GNU_SOURCE" redefined
   11 | #define _GNU_SOURCE /**/
      | 
<command-line>: note: this is the location of the previous definition
configure:5387: $? = 0
configure: failed program was:
| /* confdefs.h */
| #define PACKAGE_NAME "libgpiod"
| #define PACKAGE_TARNAME "libgpiod"
| #define PACKAGE_VERSION "2.1.1"
| #define PACKAGE_STRING "libgpiod 2.1.1"
| #define PACKAGE_BUGREPORT ""
| #define PACKAGE_URL ""
| #define GPIOD_VERSION_STR "2.1.1"
| #define PACKAGE "libgpiod"
| #define VERSION "2.1.1"
| #define _GNU_SOURCE /**/
| /* end confdefs.h.  */
| 
| int
| main ()
| {
| 
|   ;
|   return 0;
| }
configure:5403: g++ -c -g  conftest.cpp >&5
conftest.cpp:11: warning: "_GNU_SOURCE" redefined
   11 | #define _GNU_SOURCE /**/
      | 
<command-line>: note: this is the location of the previous definition
configure:5403: $? = 0
configure:5413: result: yes
configure:5438: checking dependency style of g++
configure:5549: result: gcc3
configure:5565: checking for grep that handles long lines and -e
configure:5623: result: /usr/bin/grep
configure:5628: checking for egrep
configure:5690: result: /usr/bin/grep -E
configure:5725: checking build system type
configure:5739: result: aarch64-unknown-linux-gnu
configure:5759: checking host system type
configure:5772: result: aarch64-unknown-linux-gnu
configure:5813: checking how to print strings
configure:5840: result: printf
configure:5861: checking for a sed that does not truncate output
configure:5925: result: /usr/bin/sed
configure:5943: checking for fgrep
configure:6005: result: /usr/bin/grep -F
configure:6040: checking for ld used by gcc
configure:6107: result: /usr/bin/ld
configure:6114: checking if the linker (/usr/bin/ld) is GNU ld
configure:6129: result: yes
configure:6141: checking for BSD- or MS-compatible name lister (nm)
configure:6195: result: /usr/bin/nm -B
configure:6325: checking the name lister (/usr/bin/nm -B) interface
configure:6332: gcc -c -g -O2  conftest.c >&5
configure:6335: /usr/bin/nm -B "conftest.o"
configure:6338: output
0000000000000000 B some_variable
configure:6339: result: BSD nm
configure:6342: checking whether ln -s works
configure:6346: result: yes
configure:6354: checking the maximum length of command line arguments
configure:6485: result: 1572864
configure:6533: checking how to convert aarch64-unknown-linux-gnu file names to aarch64-unknown-linux-gnu format
configure:6573: result: func_convert_file_noop
configure:6580: checking how to convert aarch64-unknown-linux-gnu file names to toolchain format
configure:6600: result: func_convert_file_noop
configure:6607: checking for /usr/bin/ld option to reload object files
configure:6614: result: -r
configure:6688: checking for objdump
configure:6704: found /usr/bin/objdump
configure:6715: result: objdump
configure:6747: checking how to recognize dependent libraries
configure:6947: result: pass_all
configure:7032: checking for dlltool
configure:7062: result: no
configure:7092: checking how to associate runtime and link libraries
configure:7119: result: printf %s\n
configure:7243: checking for archiver @FILE support
configure:7260: gcc -c -g -O2  conftest.c >&5
configure:7260: $? = 0
configure:7263: ar cr libconftest.a @conftest.lst >&5
configure:7266: $? = 0
configure:7271: ar cr libconftest.a @conftest.lst >&5
ar: conftest.o: No such file or directory
configure:7274: $? = 1
configure:7273: result: @
configure:7331: checking for strip
configure:7347: found /usr/bin/strip
configure:7358: result: strip
configure:7430: checking for ranlib
configure:7446: found /usr/bin/ranlib
configure:7457: result: ranlib
configure:7559: checking command to parse /usr/bin/nm -B output from gcc object
configure:7712: gcc -c -g -O2  conftest.c >&5
configure:7715: $? = 0
configure:7719: /usr/bin/nm -B conftest.o | sed -n -e 's/^.*[	 ]\([ABCDGIRSTW][ABCDGIRSTW]*\)[	 ][	 ]*\([_A-Za-z][_A-Za-z0-9]*\)$/\1 \2 \2/p' | sed '/ __gnu_lto/d' > conftest.nm
configure:7785: gcc -o conftest -g -O2   conftest.c conftstm.o >&5
configure:7788: $? = 0
configure:7826: result: ok
configure:7873: checking for sysroot
configure:7903: result: no
configure:7910: checking for a working dd
configure:7948: result: /usr/bin/dd
configure:7952: checking how to truncate binary pipes
configure:7967: result: /usr/bin/dd bs=4096 count=1
configure:8296: checking for mt
configure:8326: result: no
configure:8346: checking if : is a manifest tool
configure:8352: : '-?'
configure:8360: result: no
configure:9037: checking how to run the C preprocessor
configure:9068: gcc -E  conftest.c
configure:9068: $? = 0
configure:9082: gcc -E  conftest.c
conftest.c:13:10: fatal error: ac_nonexistent.h: No such file or directory
   13 | #include <ac_nonexistent.h>
      |          ^~~~~~~~~~~~~~~~~~
compilation terminated.
configure:9082: $? = 1
configure: failed program was:
| /* confdefs.h */
| #define PACKAGE_NAME "libgpiod"
| #define PACKAGE_TARNAME "libgpiod"
| #define PACKAGE_VERSION "2.1.1"
| #define PACKAGE_STRING "libgpiod 2.1.1"
| #define PACKAGE_BUGREPORT ""
| #define PACKAGE_URL ""
| #define GPIOD_VERSION_STR "2.1.1"
| #define PACKAGE "libgpiod"
| #define VERSION "2.1.1"
| #define _GNU_SOURCE /**/
| /* end confdefs.h.  */
| #include <ac_nonexistent.h>
configure:9107: result: gcc -E
configure:9127: gcc -E  conftest.c
configure:9127: $? = 0
configure:9141: gcc -E  conftest.c
conftest.c:13:10: fatal error: ac_nonexistent.h: No such file or directory
   13 | #include <ac_nonexistent.h>
      |          ^~~~~~~~~~~~~~~~~~
compilation terminated.
configure:9141: $? = 1
configure: failed program was:
| /* confdefs.h */
| #define PACKAGE_NAME "libgpiod"
| #define PACKAGE_TARNAME "libgpiod"
| #define PACKAGE_VERSION "2.1.1"
| #define PACKAGE_STRING "libgpiod 2.1.1"
| #define PACKAGE_BUGREPORT ""
| #define PACKAGE_URL ""
| #define GPIOD_VERSION_STR "2.1.1"
| #define PACKAGE "libgpiod"
| #define VERSION "2.1.1"
| #define _GNU_SOURCE /**/
| /* end confdefs.h.  */
| #include <ac_nonexistent.h>
configure:9170: checking for ANSI C header files
configure:9190: gcc -c -g -O2  conftest.c >&5
configure:9190: $? = 0
configure:9263: gcc -o conftest -g -O2   conftest.c  >&5
configure:9263: $? = 0
configure:9263: ./conftest
configure:9263: $? = 0
configure:9274: result: yes
configure:9287: checking for sys/types.h
configure:9287: gcc -c -g -O2  conftest.c >&5
configure:9287: $? = 0
configure:9287: result: yes
configure:9287: checking for sys/stat.h
configure:9287: gcc -c -g -O2  conftest.c >&5
configure:9287: $? = 0
configure:9287: result: yes
configure:9287: checking for stdlib.h
configure:9287: gcc -c -g -O2  conftest.c >&5
configure:9287: $? = 0
configure:9287: result: yes
configure:9287: checking for string.h
configure:9287: gcc -c -g -O2  conftest.c >&5
configure:9287: $? = 0
configure:9287: result: yes
configure:9287: checking for memory.h
configure:9287: gcc -c -g -O2  conftest.c >&5
configure:9287: $? = 0
configure:9287: result: yes
configure:9287: checking for strings.h
configure:9287: gcc -c -g -O2  conftest.c >&5
configure:9287: $? = 0
configure:9287: result: yes
configure:9287: checking for inttypes.h
configure:9287: gcc -c -g -O2  conftest.c >&5
configure:9287: $? = 0
configure:9287: result: yes
configure:9287: checking for stdint.h
configure:9287: gcc -c -g -O2  conftest.c >&5
configure:9287: $? = 0
configure:9287: result: yes
configure:9287: checking for unistd.h
configure:9287: gcc -c -g -O2  conftest.c >&5
configure:9287: $? = 0
configure:9287: result: yes
configure:9301: checking for dlfcn.h
configure:9301: gcc -c -g -O2  conftest.c >&5
configure:9301: $? = 0
configure:9301: result: yes
configure:9568: checking for objdir
configure:9583: result: .libs
configure:9847: checking if gcc supports -fno-rtti -fno-exceptions
configure:9865: gcc -c -g -O2  -fno-rtti -fno-exceptions conftest.c >&5
cc1: warning: command line option '-fno-rtti' is valid for C++/D/ObjC++ but not for C
configure:9869: $? = 0
configure:9882: result: no
configure:10246: checking for gcc option to produce PIC
configure:10253: result: -fPIC -DPIC
configure:10261: checking if gcc PIC flag -fPIC -DPIC works
configure:10279: gcc -c -g -O2  -fPIC -DPIC -DPIC conftest.c >&5
configure:10283: $? = 0
configure:10296: result: yes
configure:10325: checking if gcc static flag -static works
configure:10353: result: yes
configure:10368: checking if gcc supports -c -o file.o
configure:10389: gcc -c -g -O2  -o out/conftest2.o conftest.c >&5
configure:10393: $? = 0
configure:10415: result: yes
configure:10423: checking if gcc supports -c -o file.o
configure:10470: result: yes
configure:10503: checking whether the gcc linker (/usr/bin/ld) supports shared libraries
configure:11766: result: yes
configure:11803: checking whether -lc should be explicitly linked in
configure:11811: gcc -c -g -O2  conftest.c >&5
configure:11814: $? = 0
configure:11829: gcc -shared  -fPIC -DPIC conftest.o  -v -Wl,-soname -Wl,conftest -o conftest 2\>\&1 \| /usr/bin/grep  -lc  \>/dev/null 2\>\&1
configure:11832: $? = 0
configure:11846: result: no
configure:12006: checking dynamic linker characteristics
configure:12587: gcc -o conftest -g -O2   -Wl,-rpath -Wl,/foo conftest.c  >&5
configure:12587: $? = 0
configure:12836: result: GNU/Linux ld.so
configure:12958: checking how to hardcode library paths into programs
configure:12983: result: immediate
configure:13531: checking whether stripping libraries is possible
configure:13536: result: yes
configure:13571: checking if libtool supports shared libraries
configure:13573: result: yes
configure:13576: checking whether to build shared libraries
configure:13601: result: yes
configure:13604: checking whether to build static libraries
configure:13608: result: yes
configure:10407: checking how to run the C++ preprocessor
configure:10434: g++ -E  conftest.cpp
conftest.cpp:11: warning: "_GNU_SOURCE" redefined
   11 | #define _GNU_SOURCE /**/
      | 
<command-line>: note: this is the location of the previous definition
configure:10434: $? = 0
configure:10448: g++ -E  conftest.cpp
conftest.cpp:11: warning: "_GNU_SOURCE" redefined
   11 | #define _GNU_SOURCE /**/
      | 
<command-line>: note: this is the location of the previous definition
conftest.cpp:25:10: fatal error: ac_nonexistent.h: No such file or directory
   25 | #include <ac_nonexistent.h>
      |          ^~~~~~~~~~~~~~~~~~
compilation terminated.
configure:10448: $? = 1
configure: failed program was:
| /* confdefs.h */
| #define PACKAGE_NAME "libgpiod"
| #define PACKAGE_TARNAME "libgpiod"
| #define PACKAGE_VERSION "2.1.1"
| #define PACKAGE_STRING "libgpiod 2.1.1"
| #define PACKAGE_BUGREPORT ""
| #define PACKAGE_URL ""
| #define GPIOD_VERSION_STR "2.1.1"
| #define PACKAGE "libgpiod"
| #define VERSION "2.1.1"
| #define _GNU_SOURCE /**/
| #define STDC_HEADERS 1
| #define HAVE_SYS_TYPES_H 1
| #define HAVE_SYS_STAT_H 1
| #define HAVE_STDLIB_H 1
| #define HAVE_STRING_H 1
| #define HAVE_MEMORY_H 1
| #define HAVE_STRINGS_H 1
| #define HAVE_INTTYPES_H 1
| #define HAVE_STDINT_H 1
| #define HAVE_UNISTD_H 1
| #define HAVE_DLFCN_H 1
| #define LT_OBJDIR ".libs/"
| /* end confdefs.h.  */
| #include <ac_nonexistent.h>
configure:10473: result: g++ -E
configure:10493: g++ -E  conftest.cpp
conftest.cpp:11: warning: "_GNU_SOURCE" redefined
   11 | #define _GNU_SOURCE /**/
      | 
<command-line>: note: this is the location of the previous definition
configure:10493: $? = 0
configure:10507: g++ -E  conftest.cpp
conftest.cpp:11: warning: "_GNU_SOURCE" redefined
   11 | #define _GNU_SOURCE /**/
      | 
<command-line>: note: this is the location of the previous definition
conftest.cpp:25:10: fatal error: ac_nonexistent.h: No such file or directory
   25 | #include <ac_nonexistent.h>
      |          ^~~~~~~~~~~~~~~~~~
compilation terminated.
configure:10507: $? = 1
configure: failed program was:
| /* confdefs.h */
| #define PACKAGE_NAME "libgpiod"
| #define PACKAGE_TARNAME "libgpiod"
| #define PACKAGE_VERSION "2.1.1"
| #define PACKAGE_STRING "libgpiod 2.1.1"
| #define PACKAGE_BUGREPORT ""
| #define PACKAGE_URL ""
| #define GPIOD_VERSION_STR "2.1.1"
| #define PACKAGE "libgpiod"
| #define VERSION "2.1.1"
| #define _GNU_SOURCE /**/
| #define STDC_HEADERS 1
| #define HAVE_SYS_TYPES_H 1
| #define HAVE_SYS_STAT_H 1
| #define HAVE_STDLIB_H 1
| #define HAVE_STRING_H 1
| #define HAVE_MEMORY_H 1
| #define HAVE_STRINGS_H 1
| #define HAVE_INTTYPES_H 1
| #define HAVE_STDINT_H 1
| #define HAVE_UNISTD_H 1
| #define HAVE_DLFCN_H 1
| #define LT_OBJDIR ".libs/"
| /* end confdefs.h.  */
| #include <ac_nonexistent.h>
configure:10669: checking for ld used by g++
configure:10736: result: /usr/bin/ld
configure:10743: checking if the linker (/usr/bin/ld) is GNU ld
configure:10758: result: yes
configure:10813: checking whether the g++ linker (/usr/bin/ld) supports shared libraries
configure:11886: result: yes
configure:11922: g++ -c -g -O2  conftest.cpp >&5
configure:11925: $? = 0
configure:12406: checking for g++ option to produce PIC
configure:12413: result: -fPIC -DPIC
configure:12421: checking if g++ PIC flag -fPIC -DPIC works
configure:12439: g++ -c -g -O2  -fPIC -DPIC -DPIC conftest.cpp >&5
configure:12443: $? = 0
configure:12456: result: yes
configure:12479: checking if g++ static flag -static works
configure:12507: result: yes
configure:12519: checking if g++ supports -c -o file.o
configure:12540: g++ -c -g -O2  -o out/conftest2.o conftest.cpp >&5
configure:12544: $? = 0
configure:12566: result: yes
configure:12571: checking if g++ supports -c -o file.o
configure:12618: result: yes
configure:12648: checking whether the g++ linker (/usr/bin/ld) supports shared libraries
configure:12691: result: yes
configure:12832: checking dynamic linker characteristics
configure:13589: result: GNU/Linux ld.so
configure:13654: checking how to hardcode library paths into programs
configure:13679: result: immediate
configure:12583: checking for ANSI C header files
configure:12687: result: yes
configure:12697: checking for stdlib.h
configure:12697: result: yes
configure:12707: checking for GNU libc compatible malloc
configure:12731: gcc -o conftest -g -O2   conftest.c  >&5
configure:12731: $? = 0
configure:12731: ./conftest
configure:12731: $? = 0
configure:12741: result: yes
configure:12762: checking for stdbool.h that conforms to C99
configure:12829: gcc -c -g -O2  conftest.c >&5
configure:12829: $? = 0
configure:12836: result: yes
configure:12838: checking for _Bool
configure:12838: gcc -c -g -O2  conftest.c >&5
configure:12838: $? = 0
configure:12838: gcc -c -g -O2  conftest.c >&5
conftest.c: In function 'main':
conftest.c:64:20: error: expected expression before ')' token
   64 | if (sizeof ((_Bool)))
      |                    ^
configure:12838: $? = 1
configure: failed program was:
| /* confdefs.h */
| #define PACKAGE_NAME "libgpiod"
| #define PACKAGE_TARNAME "libgpiod"
| #define PACKAGE_VERSION "2.1.1"
| #define PACKAGE_STRING "libgpiod 2.1.1"
| #define PACKAGE_BUGREPORT ""
| #define PACKAGE_URL ""
| #define GPIOD_VERSION_STR "2.1.1"
| #define PACKAGE "libgpiod"
| #define VERSION "2.1.1"
| #define _GNU_SOURCE /**/
| #define STDC_HEADERS 1
| #define HAVE_SYS_TYPES_H 1
| #define HAVE_SYS_STAT_H 1
| #define HAVE_STDLIB_H 1
| #define HAVE_STRING_H 1
| #define HAVE_MEMORY_H 1
| #define HAVE_STRINGS_H 1
| #define HAVE_INTTYPES_H 1
| #define HAVE_STDINT_H 1
| #define HAVE_UNISTD_H 1
| #define HAVE_DLFCN_H 1
| #define LT_OBJDIR ".libs/"
| #define STDC_HEADERS 1
| #define HAVE_STDLIB_H 1
| #define HAVE_MALLOC 1
| /* end confdefs.h.  */
| #include <stdio.h>
| #ifdef HAVE_SYS_TYPES_H
| # include <sys/types.h>
| #endif
| #ifdef HAVE_SYS_STAT_H
| # include <sys/stat.h>
| #endif
| #ifdef STDC_HEADERS
| # include <stdlib.h>
| # include <stddef.h>
| #else
| # ifdef HAVE_STDLIB_H
| #  include <stdlib.h>
| # endif
| #endif
| #ifdef HAVE_STRING_H
| # if !defined STDC_HEADERS && defined HAVE_MEMORY_H
| #  include <memory.h>
| # endif
| # include <string.h>
| #endif
| #ifdef HAVE_STRINGS_H
| # include <strings.h>
| #endif
| #ifdef HAVE_INTTYPES_H
| # include <inttypes.h>
| #endif
| #ifdef HAVE_STDINT_H
| # include <stdint.h>
| #endif
| #ifdef HAVE_UNISTD_H
| # include <unistd.h>
| #endif
| int
| main ()
| {
| if (sizeof ((_Bool)))
| 	    return 0;
|   ;
|   return 0;
| }
configure:12838: result: yes
configure:12855: checking for ioctl
configure:12855: gcc -o conftest -g -O2   conftest.c  >&5
configure:12855: $? = 0
configure:12855: result: yes
configure:12862: checking for open
configure:12862: gcc -o conftest -g -O2   conftest.c  >&5
configure:12862: $? = 0
configure:12862: result: yes
configure:12869: checking for close
configure:12869: gcc -o conftest -g -O2   conftest.c  >&5
configure:12869: $? = 0
configure:12869: result: yes
configure:12876: checking for read
configure:12876: gcc -o conftest -g -O2   conftest.c  >&5
configure:12876: $? = 0
configure:12876: result: yes
configure:12883: checking for ppoll
configure:12883: gcc -o conftest -g -O2   conftest.c  >&5
configure:12883: $? = 0
configure:12883: result: yes
configure:12890: checking for realpath
configure:12890: gcc -o conftest -g -O2   conftest.c  >&5
configure:12890: $? = 0
configure:12890: result: yes
configure:12897: checking for readlink
configure:12897: gcc -o conftest -g -O2   conftest.c  >&5
configure:12897: $? = 0
configure:12897: result: yes
configure:12906: checking fcntl.h usability
configure:12906: gcc -c -g -O2  conftest.c >&5
configure:12906: $? = 0
configure:12906: result: yes
configure:12906: checking fcntl.h presence
configure:12906: gcc -E  conftest.c
configure:12906: $? = 0
configure:12906: result: yes
configure:12906: checking for fcntl.h
configure:12906: result: yes
configure:12920: checking getopt.h usability
configure:12920: gcc -c -g -O2  conftest.c >&5
configure:12920: $? = 0
configure:12920: result: yes
configure:12920: checking getopt.h presence
configure:12920: gcc -E  conftest.c
configure:12920: $? = 0
configure:12920: result: yes
configure:12920: checking for getopt.h
configure:12920: result: yes
configure:12934: checking dirent.h usability
configure:12934: gcc -c -g -O2  conftest.c >&5
configure:12934: $? = 0
configure:12934: result: yes
configure:12934: checking dirent.h presence
configure:12934: gcc -E  conftest.c
configure:12934: $? = 0
configure:12934: result: yes
configure:12934: checking for dirent.h
configure:12934: result: yes
configure:12948: checking poll.h usability
configure:12948: gcc -c -g -O2  conftest.c >&5
configure:12948: $? = 0
configure:12948: result: yes
configure:12948: checking poll.h presence
configure:12948: gcc -E  conftest.c
configure:12948: $? = 0
configure:12948: result: yes
configure:12948: checking for poll.h
configure:12948: result: yes
configure:12962: checking sys/sysmacros.h usability
configure:12962: gcc -c -g -O2  conftest.c >&5
configure:12962: $? = 0
configure:12962: result: yes
configure:12962: checking sys/sysmacros.h presence
configure:12962: gcc -E  conftest.c
configure:12962: $? = 0
configure:12962: result: yes
configure:12962: checking for sys/sysmacros.h
configure:12962: result: yes
configure:12976: checking sys/ioctl.h usability
configure:12976: gcc -c -g -O2  conftest.c >&5
configure:12976: $? = 0
configure:12976: result: yes
configure:12976: checking sys/ioctl.h presence
configure:12976: gcc -E  conftest.c
configure:12976: $? = 0
configure:12976: result: yes
configure:12976: checking for sys/ioctl.h
configure:12976: result: yes
configure:12990: checking sys/param.h usability
configure:12990: gcc -c -g -O2  conftest.c >&5
configure:12990: $? = 0
configure:12990: result: yes
configure:12990: checking sys/param.h presence
configure:12990: gcc -E  conftest.c
configure:12990: $? = 0
configure:12990: result: yes
configure:12990: checking for sys/param.h
configure:12990: result: yes
configure:13004: checking for sys/stat.h
configure:13004: result: yes
configure:13018: checking for sys/types.h
configure:13018: result: yes
configure:13032: checking linux/const.h usability
configure:13032: gcc -c -g -O2  conftest.c >&5
configure:13032: $? = 0
configure:13032: result: yes
configure:13032: checking linux/const.h presence
configure:13032: gcc -E  conftest.c
configure:13032: $? = 0
configure:13032: result: yes
configure:13032: checking for linux/const.h
configure:13032: result: yes
configure:13046: checking linux/ioctl.h usability
configure:13046: gcc -c -g -O2  conftest.c >&5
configure:13046: $? = 0
configure:13046: result: yes
configure:13046: checking linux/ioctl.h presence
configure:13046: gcc -E  conftest.c
configure:13046: $? = 0
configure:13046: result: yes
configure:13046: checking for linux/ioctl.h
configure:13046: result: yes
configure:13060: checking linux/types.h usability
configure:13060: gcc -c -g -O2  conftest.c >&5
configure:13060: $? = 0
configure:13060: result: yes
configure:13060: checking linux/types.h presence
configure:13060: gcc -E  conftest.c
configure:13060: $? = 0
configure:13060: result: yes
configure:13060: checking for linux/types.h
configure:13060: result: yes
configure:13163: checking for pkg-config
configure:13181: found /usr/bin/pkg-config
configure:13193: result: /usr/bin/pkg-config
configure:13218: checking pkg-config is at least version 0.9.0
configure:13221: result: yes
configure:14070: checking whether g++ supports C++17 features with -std=gnu++17
configure:14864: g++ -std=gnu++17 -c -g -O2  conftest.cpp >&5
conftest.cpp:11: warning: "_GNU_SOURCE" redefined
   11 | #define _GNU_SOURCE /**/
      | 
<command-line>: note: this is the location of the previous definition
configure:14864: $? = 0
configure:14873: result: yes
configure:15430: checking for doxygen
configure:15458: result: false
configure:15476: doxygen not found - documentation cannot be generated
configure:15488: checking for help2man
configure:15516: result: false
configure:15535: help2man not found - man pages cannot be generated automatically
configure:15643: checking that generated files are newer than configure
configure:15649: result: done
configure:15716: creating ./config.status

## ---------------------- ##
## Running config.status. ##
## ---------------------- ##

This file was extended by libgpiod config.status 2.1.1, which was
generated by GNU Autoconf 2.69.  Invocation command line was

  CONFIG_FILES    = 
  CONFIG_HEADERS  = 
  CONFIG_LINKS    = 
  CONFIG_COMMANDS = 
  $ ./config.status 

on NanoPi-NEO3

config.status:1252: creating Makefile
config.status:1252: creating include/Makefile
config.status:1252: creating lib/Makefile
config.status:1252: creating lib/libgpiod.pc
config.status:1252: creating contrib/Makefile
config.status:1252: creating examples/Makefile
config.status:1252: creating tools/Makefile
config.status:1252: creating tests/Makefile
config.status:1252: creating tests/gpiosim/Makefile
config.status:1252: creating bindings/cxx/libgpiodcxx.pc
config.status:1252: creating bindings/Makefile
config.status:1252: creating bindings/cxx/Makefile
config.status:1252: creating bindings/cxx/gpiodcxx/Makefile
config.status:1252: creating bindings/cxx/examples/Makefile
config.status:1252: creating bindings/cxx/tests/Makefile
config.status:1252: creating bindings/python/Makefile
config.status:1252: creating bindings/python/gpiod/Makefile
config.status:1252: creating bindings/python/gpiod/ext/Makefile
config.status:1252: creating bindings/python/examples/Makefile
config.status:1252: creating bindings/python/tests/Makefile
config.status:1252: creating bindings/python/tests/gpiosim/Makefile
config.status:1252: creating bindings/python/tests/procname/Makefile
config.status:1252: creating bindings/rust/libgpiod-sys/src/Makefile
config.status:1252: creating bindings/rust/libgpiod-sys/Makefile
config.status:1252: creating bindings/rust/libgpiod/src/Makefile
config.status:1252: creating bindings/rust/libgpiod/tests/common/Makefile
config.status:1252: creating bindings/rust/libgpiod/tests/Makefile
config.status:1252: creating bindings/rust/libgpiod/Makefile
config.status:1252: creating bindings/rust/libgpiod/examples/Makefile
config.status:1252: creating bindings/rust/Makefile
config.status:1252: creating bindings/rust/gpiosim-sys/src/Makefile
config.status:1252: creating bindings/rust/gpiosim-sys/Makefile
config.status:1252: creating man/Makefile
config.status:1252: creating config.h
config.status:1481: executing depfiles commands
config.status:1558: cd lib       && sed -e '/# am--include-marker/d' Makefile         | make -f - am--depfiles
config.status:1563: $? = 0
config.status:1558: cd examples       && sed -e '/# am--include-marker/d' Makefile         | make -f - am--depfiles
config.status:1563: $? = 0
config.status:1558: cd tools       && sed -e '/# am--include-marker/d' Makefile         | make -f - am--depfiles
config.status:1563: $? = 0
config.status:1558: cd tests       && sed -e '/# am--include-marker/d' Makefile         | make -f - am--depfiles
config.status:1563: $? = 0
config.status:1558: cd tests/gpiosim       && sed -e '/# am--include-marker/d' Makefile         | make -f - am--depfiles
config.status:1563: $? = 0
config.status:1558: cd bindings/cxx       && sed -e '/# am--include-marker/d' Makefile         | make -f - am--depfiles
config.status:1563: $? = 0
config.status:1558: cd bindings/cxx/examples       && sed -e '/# am--include-marker/d' Makefile         | make -f - am--depfiles
config.status:1563: $? = 0
config.status:1558: cd bindings/cxx/tests       && sed -e '/# am--include-marker/d' Makefile         | make -f - am--depfiles
config.status:1563: $? = 0
config.status:1481: executing libtool commands

## ---------------- ##
## Cache variables. ##
## ---------------- ##

ac_cv_build=aarch64-unknown-linux-gnu
ac_cv_c_compiler_gnu=yes
ac_cv_cxx_compiler_gnu=yes
ac_cv_env_CATCH2_CFLAGS_set=
ac_cv_env_CATCH2_CFLAGS_value=
ac_cv_env_CATCH2_LIBS_set=
ac_cv_env_CATCH2_LIBS_value=
ac_cv_env_CCC_set=
ac_cv_env_CCC_value=
ac_cv_env_CC_set=
ac_cv_env_CC_value=
ac_cv_env_CFLAGS_set=
ac_cv_env_CFLAGS_value=
ac_cv_env_CPPFLAGS_set=
ac_cv_env_CPPFLAGS_value=
ac_cv_env_CPP_set=
ac_cv_env_CPP_value=
ac_cv_env_CXXCPP_set=
ac_cv_env_CXXCPP_value=
ac_cv_env_CXXFLAGS_set=
ac_cv_env_CXXFLAGS_value=
ac_cv_env_CXX_set=
ac_cv_env_CXX_value=
ac_cv_env_GIO_CFLAGS_set=
ac_cv_env_GIO_CFLAGS_value=
ac_cv_env_GIO_LIBS_set=
ac_cv_env_GIO_LIBS_value=
ac_cv_env_GLIB_CFLAGS_set=
ac_cv_env_GLIB_CFLAGS_value=
ac_cv_env_GLIB_LIBS_set=
ac_cv_env_GLIB_LIBS_value=
ac_cv_env_KMOD_CFLAGS_set=
ac_cv_env_KMOD_CFLAGS_value=
ac_cv_env_KMOD_LIBS_set=
ac_cv_env_KMOD_LIBS_value=
ac_cv_env_LDFLAGS_set=
ac_cv_env_LDFLAGS_value=
ac_cv_env_LIBEDIT_CFLAGS_set=
ac_cv_env_LIBEDIT_CFLAGS_value=
ac_cv_env_LIBEDIT_LIBS_set=
ac_cv_env_LIBEDIT_LIBS_value=
ac_cv_env_LIBS_set=
ac_cv_env_LIBS_value=
ac_cv_env_LT_SYS_LIBRARY_PATH_set=
ac_cv_env_LT_SYS_LIBRARY_PATH_value=
ac_cv_env_MOUNT_CFLAGS_set=
ac_cv_env_MOUNT_CFLAGS_value=
ac_cv_env_MOUNT_LIBS_set=
ac_cv_env_MOUNT_LIBS_value=
ac_cv_env_PKG_CONFIG_LIBDIR_set=
ac_cv_env_PKG_CONFIG_LIBDIR_value=
ac_cv_env_PKG_CONFIG_PATH_set=
ac_cv_env_PKG_CONFIG_PATH_value=
ac_cv_env_PKG_CONFIG_set=
ac_cv_env_PKG_CONFIG_value=
ac_cv_env_PYTHON_set=
ac_cv_env_PYTHON_value=
ac_cv_env_build_alias_set=
ac_cv_env_build_alias_value=
ac_cv_env_host_alias_set=
ac_cv_env_host_alias_value=
ac_cv_env_target_alias_set=
ac_cv_env_target_alias_value=
ac_cv_func_close=yes
ac_cv_func_ioctl=yes
ac_cv_func_malloc_0_nonnull=yes
ac_cv_func_open=yes
ac_cv_func_ppoll=yes
ac_cv_func_read=yes
ac_cv_func_readlink=yes
ac_cv_func_realpath=yes
ac_cv_header_dirent_h=yes
ac_cv_header_dlfcn_h=yes
ac_cv_header_fcntl_h=yes
ac_cv_header_getopt_h=yes
ac_cv_header_inttypes_h=yes
ac_cv_header_linux_const_h=yes
ac_cv_header_linux_ioctl_h=yes
ac_cv_header_linux_types_h=yes
ac_cv_header_memory_h=yes
ac_cv_header_poll_h=yes
ac_cv_header_stdbool_h=yes
ac_cv_header_stdc=yes
ac_cv_header_stdint_h=yes
ac_cv_header_stdlib_h=yes
ac_cv_header_string_h=yes
ac_cv_header_strings_h=yes
ac_cv_header_sys_ioctl_h=yes
ac_cv_header_sys_param_h=yes
ac_cv_header_sys_stat_h=yes
ac_cv_header_sys_sysmacros_h=yes
ac_cv_header_sys_types_h=yes
ac_cv_header_unistd_h=yes
ac_cv_host=aarch64-unknown-linux-gnu
ac_cv_objext=o
ac_cv_path_EGREP='/usr/bin/grep -E'
ac_cv_path_FGREP='/usr/bin/grep -F'
ac_cv_path_GREP=/usr/bin/grep
ac_cv_path_SED=/usr/bin/sed
ac_cv_path_ac_pt_PKG_CONFIG=/usr/bin/pkg-config
ac_cv_path_install='/usr/bin/install -c'
ac_cv_path_lt_DD=/usr/bin/dd
ac_cv_path_mkdir=/usr/bin/mkdir
ac_cv_prog_AWK=gawk
ac_cv_prog_CPP='gcc -E'
ac_cv_prog_CXXCPP='g++ -E'
ac_cv_prog_ac_ct_AR=ar
ac_cv_prog_ac_ct_CC=gcc
ac_cv_prog_ac_ct_CXX=g++
ac_cv_prog_ac_ct_OBJDUMP=objdump
ac_cv_prog_ac_ct_RANLIB=ranlib
ac_cv_prog_ac_ct_STRIP=strip
ac_cv_prog_cc_c89=
ac_cv_prog_cc_g=yes
ac_cv_prog_cxx_g=yes
ac_cv_prog_has_doxygen=false
ac_cv_prog_has_help2man=false
ac_cv_prog_make_make_set=yes
ac_cv_type__Bool=yes
am_cv_CC_dependencies_compiler_type=gcc3
am_cv_CXX_dependencies_compiler_type=gcc3
am_cv_ar_interface=ar
am_cv_make_support_nested_variables=yes
am_cv_prog_cc_c_o=yes
ax_cv_cxx_compile_cxx17__std_gnupp17=yes
lt_cv_ar_at_file=@
lt_cv_archive_cmds_need_lc=no
lt_cv_deplibs_check_method=pass_all
lt_cv_file_magic_cmd='$MAGIC_CMD'
lt_cv_file_magic_test_file=
lt_cv_ld_reload_flag=-r
lt_cv_nm_interface='BSD nm'
lt_cv_objdir=.libs
lt_cv_path_LD=/usr/bin/ld
lt_cv_path_LDCXX=/usr/bin/ld
lt_cv_path_NM='/usr/bin/nm -B'
lt_cv_path_mainfest_tool=no
lt_cv_prog_compiler_c_o=yes
lt_cv_prog_compiler_c_o_CXX=yes
lt_cv_prog_compiler_pic='-fPIC -DPIC'
lt_cv_prog_compiler_pic_CXX='-fPIC -DPIC'
lt_cv_prog_compiler_pic_works=yes
lt_cv_prog_compiler_pic_works_CXX=yes
lt_cv_prog_compiler_rtti_exceptions=no
lt_cv_prog_compiler_static_works=yes
lt_cv_prog_compiler_static_works_CXX=yes
lt_cv_prog_gnu_ld=yes
lt_cv_prog_gnu_ldcxx=yes
lt_cv_sharedlib_from_linklib_cmd='printf %s\n'
lt_cv_shlibpath_overrides_runpath=yes
lt_cv_sys_global_symbol_pipe='sed -n -e '\''s/^.*[	 ]\([ABCDGIRSTW][ABCDGIRSTW]*\)[	 ][	 ]*\([_A-Za-z][_A-Za-z0-9]*\)$/\1 \2 \2/p'\'' | sed '\''/ __gnu_lto/d'\'''
lt_cv_sys_global_symbol_to_c_name_address='sed -n -e '\''s/^: \(.*\) .*$/  {"\1", (void *) 0},/p'\'' -e '\''s/^[ABCDGIRSTW][ABCDGIRSTW]* .* \(.*\)$/  {"\1", (void *) \&\1},/p'\'''
lt_cv_sys_global_symbol_to_c_name_address_lib_prefix='sed -n -e '\''s/^: \(.*\) .*$/  {"\1", (void *) 0},/p'\'' -e '\''s/^[ABCDGIRSTW][ABCDGIRSTW]* .* \(lib.*\)$/  {"\1", (void *) \&\1},/p'\'' -e '\''s/^[ABCDGIRSTW][ABCDGIRSTW]* .* \(.*\)$/  {"lib\1", (void *) \&\1},/p'\'''
lt_cv_sys_global_symbol_to_cdecl='sed -n -e '\''s/^T .* \(.*\)$/extern int \1();/p'\'' -e '\''s/^[ABCDGIRSTW][ABCDGIRSTW]* .* \(.*\)$/extern char \1;/p'\'''
lt_cv_sys_global_symbol_to_import=
lt_cv_sys_max_cmd_len=1572864
lt_cv_to_host_file_cmd=func_convert_file_noop
lt_cv_to_tool_file_cmd=func_convert_file_noop
lt_cv_truncate_bin='/usr/bin/dd bs=4096 count=1'

## ----------------- ##
## Output variables. ##
## ----------------- ##

ABI_CXX_VERSION='3.0.1'
ABI_GPIOSIM_VERSION='1.1.0'
ABI_VERSION='4.1.1'
ACLOCAL='${SHELL} /root/opengpio/libgpiod/autostuff/missing aclocal-1.16'
AMDEPBACKSLASH='\'
AMDEP_FALSE='#'
AMDEP_TRUE=''
AMTAR='$${TAR-tar}'
AM_BACKSLASH='\'
AM_DEFAULT_V='$(AM_DEFAULT_VERBOSITY)'
AM_DEFAULT_VERBOSITY='0'
AM_V='$(V)'
AR='ar'
AR_FLAGS='cr'
AUTOCONF='${SHELL} /root/opengpio/libgpiod/autostuff/missing autoconf'
AUTOHEADER='${SHELL} /root/opengpio/libgpiod/autostuff/missing autoheader'
AUTOMAKE='${SHELL} /root/opengpio/libgpiod/autostuff/missing automake-1.16'
AWK='gawk'
CATCH2_CFLAGS=''
CATCH2_LIBS=''
CC='gcc'
CCDEPMODE='depmode=gcc3'
CFLAGS='-g -O2'
CPP='gcc -E'
CPPFLAGS=''
CXX='g++ -std=gnu++17'
CXXCPP='g++ -E -std=gnu++17'
CXXDEPMODE='depmode=gcc3'
CXXFLAGS='-g -O2'
CYGPATH_W='echo'
DEFS='-DHAVE_CONFIG_H'
DEPDIR='.deps'
DLLTOOL='false'
DSYMUTIL=''
DUMPBIN=''
ECHO_C=''
ECHO_N='-n'
ECHO_T=''
EGREP='/usr/bin/grep -E'
EXEEXT=''
EXTRA_VERSION=''
FGREP='/usr/bin/grep -F'
GIO_CFLAGS=''
GIO_LIBS=''
GLIB_CFLAGS=''
GLIB_LIBS=''
GREP='/usr/bin/grep'
HAS_DOXYGEN_FALSE=''
HAS_DOXYGEN_TRUE='#'
HAVE_CXX17='1'
INSTALL_DATA='${INSTALL} -m 644'
INSTALL_PROGRAM='${INSTALL}'
INSTALL_SCRIPT='${INSTALL}'
INSTALL_STRIP_PROGRAM='$(install_sh) -c -s'
KMOD_CFLAGS=''
KMOD_LIBS=''
LD='/usr/bin/ld'
LDFLAGS=''
LIBEDIT_CFLAGS=''
LIBEDIT_LIBS=''
LIBOBJS=''
LIBS=''
LIBTOOL='$(SHELL) $(top_builddir)/libtool'
LIPO=''
LN_S='ln -s'
LTLIBOBJS=''
LT_SYS_LIBRARY_PATH=''
MAKEINFO='${SHELL} /root/opengpio/libgpiod/autostuff/missing makeinfo'
MANIFEST_TOOL=':'
MKDIR_P='/usr/bin/mkdir -p'
MOUNT_CFLAGS=''
MOUNT_LIBS=''
NM='/usr/bin/nm -B'
NMEDIT=''
OBJDUMP='objdump'
OBJEXT='o'
OTOOL64=''
OTOOL=''
PACKAGE='libgpiod'
PACKAGE_BUGREPORT=''
PACKAGE_NAME='libgpiod'
PACKAGE_STRING='libgpiod 2.1.1'
PACKAGE_TARNAME='libgpiod'
PACKAGE_URL=''
PACKAGE_VERSION='2.1.1'
PATH_SEPARATOR=':'
PKG_CONFIG='/usr/bin/pkg-config'
PKG_CONFIG_LIBDIR=''
PKG_CONFIG_PATH=''
PROFILING_CFLAGS=''
PROFILING_LDFLAGS=''
PYTHON=''
PYTHON_EXEC_PREFIX=''
PYTHON_PLATFORM=''
PYTHON_PREFIX=''
PYTHON_VERSION=''
RANLIB='ranlib'
SED='/usr/bin/sed'
SET_MAKE=''
SHELL='/bin/bash'
STRIP='strip'
VERSION='2.1.1'
VERSION_STR='2.1.1'
WITH_BINDINGS_CXX_FALSE='#'
WITH_BINDINGS_CXX_TRUE=''
WITH_BINDINGS_PYTHON_FALSE=''
WITH_BINDINGS_PYTHON_TRUE='#'
WITH_BINDINGS_RUST_FALSE=''
WITH_BINDINGS_RUST_TRUE='#'
WITH_EXAMPLES_FALSE=''
WITH_EXAMPLES_TRUE='#'
WITH_GPIOSET_INTERACTIVE_FALSE=''
WITH_GPIOSET_INTERACTIVE_TRUE='#'
WITH_MANPAGES_FALSE=''
WITH_MANPAGES_TRUE='#'
WITH_TESTS_FALSE=''
WITH_TESTS_TRUE='#'
WITH_TOOLS_FALSE=''
WITH_TOOLS_TRUE='#'
ac_ct_AR='ar'
ac_ct_CC='gcc'
ac_ct_CXX='g++'
ac_ct_DUMPBIN=''
am__EXEEXT_FALSE=''
am__EXEEXT_TRUE='#'
am__fastdepCC_FALSE='#'
am__fastdepCC_TRUE=''
am__fastdepCXX_FALSE='#'
am__fastdepCXX_TRUE=''
am__include='include'
am__isrc=''
am__leading_dot='.'
am__nodep='_no'
am__quote=''
am__tar='$${TAR-tar} chof - "$$tardir"'
am__untar='$${TAR-tar} xf -'
bindir='${exec_prefix}/bin'
build='aarch64-unknown-linux-gnu'
build_alias=''
build_cpu='aarch64'
build_os='linux-gnu'
build_vendor='unknown'
datadir='${datarootdir}'
datarootdir='${prefix}/share'
docdir='${datarootdir}/doc/${PACKAGE_TARNAME}'
dvidir='${docdir}'
exec_prefix='${prefix}'
has_cargo=''
has_doxygen='false'
has_help2man='false'
has_python_config=''
has_shunit2=''
host='aarch64-unknown-linux-gnu'
host_alias=''
host_cpu='aarch64'
host_os='linux-gnu'
host_vendor='unknown'
htmldir='${docdir}'
includedir='${prefix}/include'
infodir='${datarootdir}/info'
install_sh='${SHELL} /root/opengpio/libgpiod/autostuff/install-sh'
libdir='${exec_prefix}/lib'
libexecdir='${exec_prefix}/libexec'
localedir='${datarootdir}/locale'
localstatedir='${prefix}/var'
mandir='${datarootdir}/man'
mkdir_p='$(MKDIR_P)'
oldincludedir='/usr/include'
pdfdir='${docdir}'
pkgpyexecdir=''
pkgpythondir=''
prefix='/usr/local'
program_transform_name='s,x,x,'
psdir='${docdir}'
pyexecdir=''
pythondir=''
runstatedir='${localstatedir}/run'
sbindir='${exec_prefix}/sbin'
sharedstatedir='${prefix}/com'
sysconfdir='${prefix}/etc'
target_alias=''

## ----------- ##
## confdefs.h. ##
## ----------- ##

/* confdefs.h */
#define PACKAGE_NAME "libgpiod"
#define PACKAGE_TARNAME "libgpiod"
#define PACKAGE_VERSION "2.1.1"
#define PACKAGE_STRING "libgpiod 2.1.1"
#define PACKAGE_BUGREPORT ""
#define PACKAGE_URL ""
#define GPIOD_VERSION_STR "2.1.1"
#define PACKAGE "libgpiod"
#define VERSION "2.1.1"
#define _GNU_SOURCE /**/
#define STDC_HEADERS 1
#define HAVE_SYS_TYPES_H 1
#define HAVE_SYS_STAT_H 1
#define HAVE_STDLIB_H 1
#define HAVE_STRING_H 1
#define HAVE_MEMORY_H 1
#define HAVE_STRINGS_H 1
#define HAVE_INTTYPES_H 1
#define HAVE_STDINT_H 1
#define HAVE_UNISTD_H 1
#define HAVE_DLFCN_H 1
#define LT_OBJDIR ".libs/"
#define STDC_HEADERS 1
#define HAVE_STDLIB_H 1
#define HAVE_MALLOC 1
#define HAVE__BOOL 1
#define HAVE_STDBOOL_H 1
#define HAVE_FCNTL_H 1
#define HAVE_GETOPT_H 1
#define HAVE_DIRENT_H 1
#define HAVE_POLL_H 1
#define HAVE_SYS_SYSMACROS_H 1
#define HAVE_SYS_IOCTL_H 1
#define HAVE_SYS_PARAM_H 1
#define HAVE_SYS_STAT_H 1
#define HAVE_SYS_TYPES_H 1
#define HAVE_LINUX_CONST_H 1
#define HAVE_LINUX_IOCTL_H 1
#define HAVE_LINUX_TYPES_H 1
#define HAVE_CXX17 1

configure: exit 0
